[debug] [2022-06-22T08:08:04.695Z] ----------------------------------------------------------------------
[debug] [2022-06-22T08:08:04.697Z] Command:       C:\Program Files\nodejs\node.exe C:\Users\baoltc\AppData\Roaming\npm\node_modules\firebase-tools\lib\bin\firebase.js deploy
[debug] [2022-06-22T08:08:04.697Z] CLI Version:   11.1.0
[debug] [2022-06-22T08:08:04.697Z] Platform:      win32
[debug] [2022-06-22T08:08:04.697Z] Node Version:  v16.15.1
[debug] [2022-06-22T08:08:04.700Z] Time:          Wed Jun 22 2022 15:08:04 GMT+0700 (Indochina Time)
[debug] [2022-06-22T08:08:04.700Z] ----------------------------------------------------------------------
[debug] 
[debug] [2022-06-22T08:08:04.756Z] > command requires scopes: ["email","openid","https://www.googleapis.com/auth/cloudplatformprojects.readonly","https://www.googleapis.com/auth/firebase","https://www.googleapis.com/auth/cloud-platform"]
[debug] [2022-06-22T08:08:04.756Z] > authorizing via signed-in user (chibaoletran11@gmail.com)
[debug] [2022-06-22T08:08:04.756Z] [iam] checking project chat-app-571c8 for permissions ["firebase.projects.get","firebasehosting.sites.update"]
[debug] [2022-06-22T08:08:04.758Z] >>> [apiv2][query] POST https://cloudresourcemanager.googleapis.com/v1/projects/chat-app-571c8:testIamPermissions [none]
[debug] [2022-06-22T08:08:04.759Z] >>> [apiv2][body] POST https://cloudresourcemanager.googleapis.com/v1/projects/chat-app-571c8:testIamPermissions {"permissions":["firebase.projects.get","firebasehosting.sites.update"]}
[debug] [2022-06-22T08:08:22.569Z] [iam] error while checking permissions, command may fail: FirebaseError: Failed to make request to https://cloudresourcemanager.googleapis.com/v1/projects/chat-app-571c8:testIamPermissions
[debug] [2022-06-22T08:08:22.570Z] >>> [apiv2][query] GET https://firebase.googleapis.com/v1beta1/projects/chat-app-571c8 [none]
[debug] [2022-06-22T08:08:23.414Z] <<< [apiv2][status] GET https://firebase.googleapis.com/v1beta1/projects/chat-app-571c8 200
[debug] [2022-06-22T08:08:23.414Z] <<< [apiv2][body] GET https://firebase.googleapis.com/v1beta1/projects/chat-app-571c8 {"projectId":"chat-app-571c8","projectNumber":"425393038023","displayName":"chat-app","name":"projects/chat-app-571c8","resources":{"hostingSite":"chat-app-571c8","realtimeDatabaseInstance":"chat-app-571c8-default-rtdb","storageBucket":"chat-app-571c8.appspot.com","locationId":"asia-southeast2"},"state":"ACTIVE"}
[info] 
[info] === Deploying to 'chat-app-571c8'...
[info] 
[info] i  deploying hosting 
[debug] [2022-06-22T08:08:23.417Z] >>> [apiv2][query] GET https://firebase.googleapis.com/v1beta1/projects/chat-app-571c8 [none]
[debug] [2022-06-22T08:08:23.886Z] <<< [apiv2][status] GET https://firebase.googleapis.com/v1beta1/projects/chat-app-571c8 200
[debug] [2022-06-22T08:08:23.887Z] <<< [apiv2][body] GET https://firebase.googleapis.com/v1beta1/projects/chat-app-571c8 {"projectId":"chat-app-571c8","projectNumber":"425393038023","displayName":"chat-app","name":"projects/chat-app-571c8","resources":{"hostingSite":"chat-app-571c8","realtimeDatabaseInstance":"chat-app-571c8-default-rtdb","storageBucket":"chat-app-571c8.appspot.com","locationId":"asia-southeast2"},"state":"ACTIVE"}
[debug] [2022-06-22T08:08:23.888Z] >>> [apiv2][query] POST https://firebasehosting.googleapis.com/v1beta1/projects/425393038023/sites/chat-app-571c8/versions [none]
[debug] [2022-06-22T08:08:23.888Z] >>> [apiv2][body] POST https://firebasehosting.googleapis.com/v1beta1/projects/425393038023/sites/chat-app-571c8/versions {"config":{"rewrites":[{"glob":"**","path":"/index.html"}]},"labels":{"deployment-tool":"cli-firebase"}}
[debug] [2022-06-22T08:08:26.522Z] <<< [apiv2][status] POST https://firebasehosting.googleapis.com/v1beta1/projects/425393038023/sites/chat-app-571c8/versions 200
[debug] [2022-06-22T08:08:26.522Z] <<< [apiv2][body] POST https://firebasehosting.googleapis.com/v1beta1/projects/425393038023/sites/chat-app-571c8/versions {"name":"projects/425393038023/sites/chat-app-571c8/versions/ad20f3e9beb63aae","status":"CREATED","config":{"rewrites":[{"glob":"**","path":"/index.html"}]},"labels":{"deployment-tool":"cli-firebase"}}
[info] i  hosting[chat-app-571c8]: beginning deploy... 
[info] i  hosting[chat-app-571c8]: found 28 files in ./build 
[debug] [2022-06-22T08:08:26.536Z] [hosting] uploading with 200 concurrency
[debug] [2022-06-22T08:08:26.550Z] [hosting] hash cache [YnVpbGQ] stored for 28 files
[debug] [2022-06-22T08:08:26.550Z] [hosting][hash queue][FINAL] {"max":5,"min":1,"avg":1,"active":0,"complete":28,"success":28,"errored":0,"retried":0,"total":28,"elapsed":10}
[debug] [2022-06-22T08:08:26.550Z] >>> [apiv2][query] POST https://firebasehosting.googleapis.com/v1beta1/projects/425393038023/sites/chat-app-571c8/versions/ad20f3e9beb63aae:populateFiles [none]
[debug] [2022-06-22T08:08:26.550Z] >>> [apiv2][body] POST https://firebasehosting.googleapis.com/v1beta1/projects/425393038023/sites/chat-app-571c8/versions/ad20f3e9beb63aae:populateFiles {"files":{"/404 copy.html":"daa499dd96d8229e73235345702ba32f0793f0c8e5c0d30e40e37a5872be57aa","/404.html":"daa499dd96d8229e73235345702ba32f0793f0c8e5c0d30e40e37a5872be57aa","/asset-manifest.json":"ce30c947fa5d2c1fe5b57b2e86662e52ce29c320db9495634692c0fc46d75b01","/favicon copy.ico":"eae62e993eb980ec8a25058c39d5a51feab118bd2100c4deebb2a9c158ec11f9","/favicon.ico":"eae62e993eb980ec8a25058c39d5a51feab118bd2100c4deebb2a9c158ec11f9","/index copy.html":"a40e0ff4a431e7b4f34f4b83892ff23d22c6d9feb4850ec2655245401fe2e492","/index.html":"a40e0ff4a431e7b4f34f4b83892ff23d22c6d9feb4850ec2655245401fe2e492","/logo192 copy.png":"3ee59515172ee198f3be375979df15ac5345183e656720a381b8872b2a39dc8b","/logo192.png":"3ee59515172ee198f3be375979df15ac5345183e656720a381b8872b2a39dc8b","/logo512 copy.png":"ee7e2f3fdb8209c4b6fd7bef6ba50d1b9dba30a25bb5c3126df057e1cb6f5331","/logo512.png":"ee7e2f3fdb8209c4b6fd7bef6ba50d1b9dba30a25bb5c3126df057e1cb6f5331","/manifest copy.json":"5c997de1364b8be939319fa9209abd77f2caf7f8844999a9e2e9173f844e7840","/manifest.json":"5c997de1364b8be939319fa9209abd77f2caf7f8844999a9e2e9173f844e7840","/robots copy.txt":"b2090cf9761ef60aa06e4fab97679bd43dfa5e5df073701ead5879d7c68f1ec5","/robots.txt":"b2090cf9761ef60aa06e4fab97679bd43dfa5e5df073701ead5879d7c68f1ec5","/static/css/2.3d7d0acd.chunk.css":"1e21bca5e672db79043031fa47d8e29c42ac662f63fdca11ffade9c661c5a074","/static/css/2.3d7d0acd.chunk.css.map":"d522e7ceb3d2b83fc5ed7a6f9cae3f5697067b7828a78b567aa979ae291b8333","/static/css/main.75f27958.chunk.css":"dee7bbb7ba68b0714c19adc4ac42fb22c3371115d009131d319be4e3e5523688","/static/css/main.75f27958.chunk.css.map":"ec60b8015bb69ae27beeffeb79dbeb12384329ccf29113ecc33273056763215f","/static/js/2.8a36178c.chunk.js":"3a5d4b9230090ade922fa34f1efb8f189a1cee35b01d5e708969a83e554a00d6","/static/js/2.8a36178c.chunk.js.LICENSE.txt":"7654642640989a324ab43bfbf704db6b4bbd02151e22372a20b44f692f4d0668","/static/js/2.8a36178c.chunk.js.map":"84ad106809632470d62aa3f278844ed6b898d5dc65c745d3e4c9f2d71a7d450a","/static/js/3.a1ef9658.chunk.js":"0bfcfa70c79463b5552e9c6531d0e83551a4eb542ad5f38c438c635cde3ce094","/static/js/3.a1ef9658.chunk.js.map":"c43dc9052a83dd8c3eedfa686dac567ff8892e362d231e640763dfcb66c06f79","/static/js/main.6b4563ee.chunk.js":"77d3c9e968133f2652f3f6b574e37dc27e5100cbd3b60e88e8e51f1b61776c6e","/static/js/main.6b4563ee.chunk.js.map":"2de90e94a18bb1c62eee8c8d9b7f9e9c2f38916f6ae771461d20f7f5a668eb7b","/static/js/runtime-main.932885fd.js":"db13654f844f708eb31461641c3742f39f3a682e1085cf1a151d9a5c61fa677c","/static/js/runtime-main.932885fd.js.map":"3e02d1833912f996338e1ba317f622dbef53b44d5a9ef0729e39a0ccb8b4288a"}}
